➜ ./coraxml2coraxml.py -o ~/tmp/reimported ~/tmp/postprocessed/*.xml
processing /home/roussel/tmp/postprocessed/B.xml...
processing /home/roussel/tmp/postprocessed/b.xml...
processing /home/roussel/tmp/postprocessed/B2.xml...
WARNING: Concatenation of anno '<.><.><.>' and dipl '<...>' transcriptions not equal. Dipl transcription will be used for token t4895
WARNING: Change in number of annos ('<.> <.> <.>' -> '<...>') for token t4895
processing /home/roussel/tmp/postprocessed/b2.xml...
WARNING: Change in number of annos ('<<...>> .' -> '<<...>>.') for token t581
WARNING: Change in number of annos ('<.>\-' -> ' <.>\-') for token t615
processing /home/roussel/tmp/postprocessed/B3.xml...
WARNING: Change in number of annos ('' -> '<<...>>') for token t33
WARNING: Change in number of annos ('' -> '<<...>>') for token t56
WARNING: Change in number of annos ('' -> '<<...>>') for token t72
WARNING: Change in number of annos ('' -> '<<...>>') for token t231
WARNING: Change in number of annos ('' -> '<<...>>') for token t238
WARNING: Change in number of annos ('' -> '<<...>>') for token t245
WARNING: Change in number of annos ('' -> '<<...>>') for token t251
WARNING: Change in number of annos ('' -> '<<...>>') for token t280
processing /home/roussel/tmp/postprocessed/B1523.xml...
processing /home/roussel/tmp/postprocessed/Ba.xml...
processing /home/roussel/tmp/postprocessed/Ba2.xml...
processing /home/roussel/tmp/postprocessed/Be.xml...
WARNING: Expected dipl token with id t2706_d3 but found dipl token with id t2706_d2
processing /home/roussel/tmp/postprocessed/D.xml...
WARNING: Change in number of annos ('rede [[.]]' -> 'rede[[.]]') for token t4995
WARNING: Change in number of annos ('geue\- [[.]]' -> 'geue\-[[.]]') for token t5370
WARNING: Change in number of annos ('vor#neme\- [[.]]' -> 'vor#neme\-[[.]]') for token t5386
WARNING: Change in number of annos ('my\. [[.]]' -> 'my\.[[.]]') for token t5797
WARNING: Change in number of annos ('wort [[.]]' -> 'wort[[.]]') for token t5863
WARNING: Change in number of annos ('doge [[.]]' -> 'doge[[.]]') for token t5906
WARNING: Change in number of annos ('gevalle\- [[.]]' -> 'gevalle\-[[.]]') for token t5932
WARNING: Change in number of annos ('trede\- [[.]]' -> 'trede\-[[.]]') for token t6076
WARNING: Change in number of annos ('ley\.t [[.]]' -> 'ley\.t[[.]]') for token t6171
WARNING: Change in number of annos ('w%%eken [[.]]' -> 'w%%eken[[.]]') for token t6194
WARNING: Change in number of annos ('weten [[.]]' -> 'weten[[.]]') for token t6271
WARNING: Change in number of annos ('here [[.]]' -> 'here[[.]]') for token t6291
WARNING: Change in number of annos ('entfarme\- [[.]]' -> 'entfarme\-[[.]]') for token t6367
WARNING: Change in number of annos ('nedder#gliden [[.]]' -> 'nedder#gliden[[.]]') for token t6416
WARNING: Change in number of annos ('leue\- [[.]]' -> 'leue\-[[.]]') for token t6484
WARNING: Change in number of annos ('my\. [[.]]' -> 'my\.[[.]]') for token t6568
WARNING: Change in number of annos ('dage [[.]]' -> 'dage[[.]]') for token t6663
WARNING: Change in number of annos ('wolde\- [[.]]' -> 'wolde\-[[.]]') for token t6696
WARNING: Change in number of annos ('zagh [[.]]' -> 'zagh[[.]]') for token t6878
WARNING: Change in number of annos ('no\et [[.]]' -> 'no\et[[.]]') for token t6900
WARNING: Change in number of annos ('were [[.]]' -> 'were[[.]]') for token t6921
WARNING: Change in number of annos ('ge#lecht [[.]]' -> 'ge#lecht[[.]]') for token t6955
WARNING: Change in number of annos ('wart [[.]]' -> 'wart[[.]]') for token t6987
WARNING: Change in number of annos ('lach [[.]]' -> 'lach[[.]]') for token t7009
WARNING: Change in number of annos ('$tad [[.]]' -> '$tad[[.]]') for token t7075
WARNING: Change in number of annos ('$alicheit [[.]]' -> '$alicheit[[.]]') for token t7197
processing /home/roussel/tmp/postprocessed/D2.xml...
WARNING: Concatenation of anno '<eo>' and dipl '*[g<eo>d*]' transcriptions not equal. Dipl transcription will be used for token t667
WARNING: Change in number of annos ('<eo>' -> '') for token t667
WARNING: Change in number of annos ('*[<$ch><...>*]' -> '') for token t2663
WARNING: Concatenation of anno '*[<e>*]' and dipl '*[d<e>*]' transcriptions not equal. Dipl transcription will be used for token t2941
WARNING: Change in number of annos ('*[<e>*]' -> '') for token t2941
WARNING: Change in number of annos ('*[<ue>*]' -> '') for token t3813
WARNING: Change in number of annos ('not [[.]]' -> 'not[[.]]') for token t4682
WARNING: Change in number of annos ('doden [[.]]' -> 'doden[[.]]') for token t4699
WARNING: Change in number of annos ('rede [[.]]' -> 'rede[[.]]') for token t4718
WARNING: Change in number of annos ('delde [[.]]' -> 'delde[[.]]') for token t4739
WARNING: Change in number of annos ('liden [[.]]' -> 'liden[[.]]') for token t4762
WARNING: Change in number of annos ('neder [[.]]' -> 'neder[[.]]') for token t4785
WARNING: Change in number of annos ('$lagen [[.]]' -> '$lagen[[.]]') for token t4813
WARNING: Change in number of annos ('mu\-de [[.]]' -> 'mu\-de[[.]]') for token t4887
WARNING: Change in number of annos ('af#langen [[.]]' -> 'af#langen[[.]]') for token t4940
WARNING: Change in number of annos ('vlitende [[.]]' -> 'vlitende[[.]]') for token t4960
WARNING: Change in number of annos ('bereit [[.]]' -> 'bereit[[.]]') for token t4983
WARNING: Change in number of annos ('trone [[.]]' -> 'trone[[.]]') for token t5082
WARNING: Change in number of annos ('camen [[.]]' -> 'camen[[.]]') for token t5144
WARNING: Change in number of annos ('wor#$tan [[.]]' -> 'wor#$tan[[.]]') for token t5194
WARNING: Change in number of annos ('$c%%iue\- [[.]]' -> '$c%%iue\-[[.]]') for token t5215
WARNING: Change in number of annos ('$tan\- [[.]]' -> '$tan\-[[.]]') for token t5242
WARNING: Change in number of annos ('myn [[.]]' -> 'myn[[.]]') for token t5266
WARNING: Change in number of annos ('quam [[.]]' -> 'quam[[.]]') for token t5291
WARNING: Change in number of annos ('god [[.]]' -> 'god[[.]]') for token t5307
WARNING: Change in number of annos ('han [[.]]' -> 'han[[.]]') for token t5344
WARNING: Change in number of annos ('$teruen [[.]]' -> '$teruen[[.]]') for token t5384
WARNING: Change in number of annos ('geuen [[.]]' -> 'geuen[[.]]') for token t5410
WARNING: Change in number of annos ('vor#nemen [[.]]' -> 'vor#nemen[[.]]') for token t5426
WARNING: Change in number of annos ('$tan [[.]]' -> '$tan[[.]]') for token t5511
WARNING: Change in number of annos ('nedere [[.]]' -> 'nedere[[.]]') for token t5536
WARNING: Change in number of annos ('gedan [[.]]' -> 'gedan[[.]]') for token t5546
WARNING: Change in number of annos ('dy [[.]]' -> 'dy[[.]]') for token t5630
WARNING: Change in number of annos ('qualen [[.]]' -> 'qualen[[.]]') for token t5661
WARNING: Change in number of annos ('$prak [[.]]' -> '$prak[[.]]') for token t5685
WARNING: Change in number of annos ('be#%richt [[.]]' -> 'be#%richt[[.]]') for token t5706
WARNING: Change in number of annos ('myn [[.]]' -> 'myn[[.]]') for token t5727
WARNING: Change in number of annos ('$yn [[.]]' -> '$yn[[.]]') for token t5816
WARNING: Change in number of annos ('my [[.]]' -> 'my[[.]]') for token t5841
WARNING: Change in number of annos ('klage [[.]]' -> 'klage[[.]]') for token t5886
WARNING: Change in number of annos ('vort [[.]]' -> 'vort[[.]]') for token t5907
WARNING: Change in number of annos ('vor#geten [[.]]' -> 'vor#geten[[.]]') for token t5926
WARNING: Change in number of annos ('doge [[.]]' -> 'doge[[.]]') for token t5950
WARNING: Change in number of annos ('geuallen [[.]]' -> 'geuallen[[.]]') for token t5975
WARNING: Change in number of annos ('$tunde [[.]]' -> '$tunde[[.]]') for token t5992
WARNING: Change in number of annos ('din [[.]]' -> 'din[[.]]') for token t6020
WARNING: Change in number of annos ('rede [[.]]' -> 'rede[[.]]') for token t6043
WARNING: Change in number of annos ('*[<.>*]' -> '') for token t6044
WARNING: Change in number of annos ('treden [[.]]' -> 'treden[[.]]') for token t6112
WARNING: Change in number of annos ('ben [[.]]' -> 'ben[[.]]') for token t6180
WARNING: Change in number of annos ('leyt [[.]]' -> 'leyt[[.]]') for token t6213
WARNING: Change in number of annos ('werken [[.]]' -> 'werken[[.]]') for token t6236
WARNING: Change in number of annos ('ge#hort [[.]]' -> 'ge#hort[[.]]') for token t6292
WARNING: Change in number of annos ('here [[.]]' -> 'here[[.]]') for token t6339
WARNING: Change in number of annos ('not [[.]]' -> 'not[[.]]') for token t6373
WARNING: Change in number of annos ('han [[.]]' -> 'han[[.]]') for token t6395
WARNING: Change in number of annos ('deden [[.]]' -> 'deden[[.]]') for token t6412
WARNING: Change in number of annos ('vnt#farmen [[.]]' -> 'vnt#farmen[[.]]') for token t6420
WARNING: Change in number of annos ('gliden [[.]]' -> 'gliden[[.]]') for token t6473
WARNING: Change in number of annos ('lo$z [[.]]' -> 'lo$z[[.]]') for token t6497
WARNING: Change in number of annos ('$one [[.]]' -> '$one[[.]]') for token t6518
WARNING: Change in number of annos ('leuen [[.]]' -> 'leuen[[.]]') for token t6542
WARNING: Change in number of annos ('wul [[.]]' -> 'wul[[.]]') for token t6575
WARNING: Change in number of annos ('bru$t [[.]]' -> 'bru$t[[.]]') for token t6597
WARNING: Change in number of annos ('not [[.]]' -> 'not[[.]]') for token t6616
WARNING: Change in number of annos ('my [[.]]' -> 'my[[.]]') for token t6627
WARNING: Change in number of annos ('qua\- [[.]]' -> 'qua\-[[.]]') for token t6635
WARNING: Change in number of annos ('dreuen [[.]]' -> 'dreuen[[.]]') for token t6703
WARNING: Change in number of annos ('dage [[.]]' -> 'dage[[.]]') for token t6725
WARNING: Change in number of annos ('wolden [[.]]' -> 'wolden[[.]]') for token t6758
WARNING: Change in number of annos ('n<a>men [[.]]' -> 'n<a>men[[.]]') for token t6780
WARNING: Change in number of annos ('wor#na\- [[.]]' -> 'wor#na\-[[.]]') for token t6791
WARNING: Change in number of annos ('heren [[.]]' -> 'heren[[.]]') for token t6814
WARNING: Change in number of annos ('grauen [[.]]' -> 'grauen[[.]]') for token t6855
WARNING: Change in number of annos ('bliuen [[.]]' -> 'bliuen[[.]]') for token t6887
WARNING: Change in number of annos ('h'e [[.]]' -> 'h'e[[.]]') for token t6914
WARNING: Change in number of annos ('zagh [[.]]' -> 'zagh[[.]]') for token t6939
WARNING: Change in number of annos ('not [[.]]' -> 'not[[.]]') for token t6960
WARNING: Change in number of annos ('were [[.]]' -> 'were[[.]]') for token t6981
WARNING: Change in number of annos ('ge#lecht [[.]]' -> 'ge#lecht[[.]]') for token t7017
WARNING: Change in number of annos ('my [[.]]' -> 'my[[.]]') for token t7040
WARNING: Change in number of annos ('wart [[.]]' -> 'wart[[.]]') for token t7049
WARNING: Change in number of annos ('lagh [[.]]' -> 'lagh[[.]]') for token t7071
WARNING: Change in number of annos ('bliuen [[.]]' -> 'bliuen[[.]]') for token t7092
WARNING: Change in number of annos ('$rigen [[.]]' -> '$rigen[[.]]') for token t7114
WARNING: Change in number of annos ('$tad [[.]]' -> '$tad[[.]]') for token t7137
WARNING: Change in number of annos ('lande [[.]]' -> 'lande[[.]]') for token t7181
WARNING: Change in number of annos ('$aligeit [[.]]' -> '$aligeit[[.]]') for token t7261
processing /home/roussel/tmp/postprocessed/D3.xml...
WARNING: Change in number of annos ('e[nde.]' -> 'e[nde .]') for token t9
processing /home/roussel/tmp/postprocessed/D4.xml...
processing /home/roussel/tmp/postprocessed/f.xml...
processing /home/roussel/tmp/postprocessed/H.xml...
WARNING: Change in number of annos ('*[<.>*]' -> '') for token t2850
WARNING: Change in number of annos ('*[<...>*]' -> '') for token t3770
WARNING: Change in number of annos ('*[<...>*]' -> '') for token t5774
WARNING: Change in number of annos ('*[<.>*]' -> '') for token t6930
processing /home/roussel/tmp/postprocessed/HA1521.xml...
processing /home/roussel/tmp/postprocessed/hb.xml...
processing /home/roussel/tmp/postprocessed/Hk.xml...
processing /home/roussel/tmp/postprocessed/Ka.xml...
WARNING: Concatenation of anno '.' and dipl '*[ivden*].' transcriptions not equal. Dipl transcription will be used for token t2604
WARNING: Change in number of annos ('.' -> '*[ivden*] .') for token t2604
WARNING: Change in number of annos ('' -> '<...>(=)den .') for token t6335
processing /home/roussel/tmp/postprocessed/Kh.xml...
WARNING: Change in number of annos ('*[<e>*]' -> '') for token t5527
processing /home/roussel/tmp/postprocessed/KJ1499.xml...
processing /home/roussel/tmp/postprocessed/KÄ1492.xml...
processing /home/roussel/tmp/postprocessed/Le.xml...
WARNING: Change in number of annos ('$to<.>te' -> '$to <.>te') for token t434
WARNING: Change in number of annos ('' -> ' <.>') for token t2855
WARNING: Change in number of annos ('' -> ' <.>') for token t3885
WARNING: Change in number of annos ('$ <..>t' -> '$<..>t') for token t4595
processing /home/roussel/tmp/postprocessed/M.xml...
WARNING: Change in number of annos ('' -> '*[Franch*]=*[reich .*]') for token t3562
WARNING: Concatenation of anno '.' and dipl '*[wart*].' transcriptions not equal. Dipl transcription will be used for token t5806
WARNING: Change in number of annos ('.' -> '*[wart*] .') for token t5806
WARNING: Change in number of annos ('vmbe . . .' -> 'vmbe ...') for token t8793
processing /home/roussel/tmp/postprocessed/M2.xml...
processing /home/roussel/tmp/postprocessed/M3.xml...
processing /home/roussel/tmp/postprocessed/M4.xml...
processing /home/roussel/tmp/postprocessed/M5.xml...
processing /home/roussel/tmp/postprocessed/M6.xml...
processing /home/roussel/tmp/postprocessed/M7.xml...
processing /home/roussel/tmp/postprocessed/M8.xml...
WARNING: Change in number of annos ('$ere . vn\-' -> '$ere.vn\-') for token t118
WARNING: Change in number of annos ('' -> '*[li*]=*[ber*]') for token t6168
processing /home/roussel/tmp/postprocessed/M9.xml...
WARNING: Change in number of annos ('' -> '*[antt*]=*[wurt*]') for token t181
WARNING: Expected dipl token with id t151_d3 but found dipl token with id t151_d2
processing /home/roussel/tmp/postprocessed/M10.xml...
processing /home/roussel/tmp/postprocessed/Me.xml...
processing /home/roussel/tmp/postprocessed/N.xml...
WARNING: Change in number of annos ('' -> '*[daz*](=)*[$elbe*]') for token t2709
WARNING: Expected dipl token with id t5579_d3 but found dipl token with id t5579_d2
processing /home/roussel/tmp/postprocessed/n.xml...
processing /home/roussel/tmp/postprocessed/N2.xml...
WARNING: Change in number of annos ('</>' -> ' </>') for token t6821
WARNING: Change in number of annos ('</>' -> ' </>') for token t6846
processing /home/roussel/tmp/postprocessed/N3.xml...
WARNING: Change in number of annos ('/o /' -> '/ o /') for token t4217
processing /home/roussel/tmp/postprocessed/N4.xml...
processing /home/roussel/tmp/postprocessed/N1500.xml...
WARNING: Change in number of annos ('$ynt . .' -> '$ynt ..') for token t2783
processing /home/roussel/tmp/postprocessed/N1509.xml...
WARNING: Change in number of annos ('M.CCCCC.ix .' -> 'M.CCCCC.ix.') for token t7401
processing /home/roussel/tmp/postprocessed/N1514.xml...
processing /home/roussel/tmp/postprocessed/O.xml...
processing /home/roussel/tmp/postprocessed/s1.xml...
WARNING: Change in number of annos ('<.>f<it>' -> ' <.>f<it>') for token t87
processing /home/roussel/tmp/postprocessed/s1495_T1.xml...
processing /home/roussel/tmp/postprocessed/s1495_T2.xml...
processing /home/roussel/tmp/postprocessed/s1496,97.xml...
processing /home/roussel/tmp/postprocessed/Sa.xml...
WARNING: Change in number of annos ('manig<.>ual<ti>g' -> 'manig <.>ual<ti>g') for token t40
WARNING: Change in number of annos ('<.>' -> ' <.>') for token t4179
WARNING: Change in number of annos ('<i...n>' -> '<i ...n>') for token t5621
WARNING: Change in number of annos ('vre<.>klich' -> 'vre <.>klich') for token t8023
WARNING: Change in number of annos ('<$>(=)<.>ale <.>' -> '<$>(=) <.>ale <.>') for token t8412
WARNING: Change in number of annos ('h<.$.>' -> 'h <.$.>') for token t8425
processing /home/roussel/tmp/postprocessed/Sa2.xml...
processing /home/roussel/tmp/postprocessed/Sb.xml...
WARNING: Change in number of annos ('<d..>' -> '<d ..>') for token t5521
processing /home/roussel/tmp/postprocessed/SG.xml...
WARNING: Change in number of annos ('*[<b>*]' -> '') for token t554
WARNING: Change in number of annos ('*[<w>*]' -> '') for token t5889
processing /home/roussel/tmp/postprocessed/sl.xml...
processing /home/roussel/tmp/postprocessed/SP.xml...
processing /home/roussel/tmp/postprocessed/St.xml...
processing /home/roussel/tmp/postprocessed/St2.xml...
WARNING: Concatenation of anno '<.><..>ms' and dipl '<...>ms' transcriptions not equal. Dipl transcription will be used for token t6229
WARNING: Change in number of annos ('<.> <..>ms' -> '<...>ms') for token t6229
processing /home/roussel/tmp/postprocessed/StA1495.xml...
processing /home/roussel/tmp/postprocessed/Stu.xml...
WARNING: Concatenation of anno 'da\er#na\ech' and dipl 'da\er*[vmb*]#na\ech' transcriptions not equal. Dipl transcription will be used for token t8606
WARNING: Change in tokenization for annos of token t8606: 'da\er#na\ech' -> 'da\er*[vmb*]#na\ech'
processing /home/roussel/tmp/postprocessed/T.xml...
WARNING: Change in number of annos ('' -> '<...>') for token t6171
WARNING: Change in number of annos ('' -> '<..>ch') for token t6183
WARNING: Concatenation of anno 'w<.><.><.>' and dipl 'w<...>' transcriptions not equal. Dipl transcription will be used for token t6250
WARNING: Change in number of annos ('w <.> <.> <.>' -> 'w<...>') for token t6250
WARNING: Concatenation of anno 'erf<.><.><.>' and dipl 'erf<...>' transcriptions not equal. Dipl transcription will be used for token t6261
WARNING: Change in number of annos ('erf <.> <.> <.>' -> 'erf<...>') for token t6261
WARNING: Change in number of annos ('' -> '<...>') for token t6269
WARNING: Change in number of annos ('' -> '<...>') for token t6270
WARNING: Change in number of annos ('' -> '<...>') for token t6271
WARNING: Change in number of annos ('' -> '<...>') for token t6284
WARNING: Change in number of annos ('' -> '<...>') for token t6340
WARNING: Concatenation of anno 'ge<.><.><.>' and dipl 'ge<...>' transcriptions not equal. Dipl transcription will be used for token t8038
WARNING: Change in number of annos ('ge <.> <.> <.>' -> 'ge<...>') for token t8038
WARNING: Change in number of annos ('' -> '<...>') for token t8039
WARNING: Change in number of annos ('' -> '<...>') for token t8040
WARNING: Change in number of annos ('' -> '<...>gen') for token t8041
WARNING: Change in number of annos ('' -> '<...>') for token t8042
WARNING: Change in number of annos ('' -> '<...>') for token t8083
WARNING: Concatenation of anno 'w<.><.><.>' and dipl 'w<...>' transcriptions not equal. Dipl transcription will be used for token t8084
WARNING: Change in number of annos ('w <.> <.> <.>' -> 'w<...>') for token t8084
WARNING: Change in number of annos ('' -> '<...>') for token t8091
WARNING: Change in number of annos ('' -> '<...>') for token t8099
WARNING: Change in number of annos ('' -> '<...>') for token t8100
WARNING: Change in number of annos ('' -> '<...>') for token t8101
WARNING: Change in number of annos ('' -> '<...>') for token t8102
WARNING: Change in number of annos ('' -> '<...>') for token t8106
WARNING: Change in number of annos ('' -> '<...>') for token t8107
WARNING: Change in number of annos ('' -> '<...>') for token t8121
WARNING: Change in number of annos ('' -> '<...>') for token t8122
WARNING: Change in number of annos ('' -> '<...>') for token t8123
WARNING: Change in number of annos ('' -> '<...>(=)') for token t8134
WARNING: Change in number of annos ('' -> '<...>') for token t8137
WARNING: Change in number of annos ('' -> '<...>') for token t8140
WARNING: Change in number of annos ('' -> '<...>') for token t8141
WARNING: Change in number of annos ('' -> '<...>') for token t8142
WARNING: Change in number of annos ('' -> '<...>') for token t8143
WARNING: Change in number of annos ('' -> '<...>') for token t8144
WARNING: Change in number of annos ('' -> '<...>') for token t8146
WARNING: Change in number of annos ('' -> '<...>') for token t8147
WARNING: Change in number of annos ('' -> '<...>') for token t8148
WARNING: Change in number of annos ('' -> '<...>') for token t8149
WARNING: Change in number of annos ('' -> '<...>') for token t8150
WARNING: Change in number of annos ('' -> '<...>') for token t8151
WARNING: Change in number of annos ('' -> '<...>') for token t8152
WARNING: Change in number of annos ('' -> '<...>') for token t8153
WARNING: Change in number of annos ('' -> '<...>') for token t8154
WARNING: Change in number of annos ('' -> '<...>') for token t8155
WARNING: Change in number of annos ('' -> '<...>') for token t8156
WARNING: Change in number of annos ('' -> '<...>') for token t8157
WARNING: Change in number of annos ('' -> '<...>') for token t8158
WARNING: Change in number of annos ('' -> '<...>') for token t8159
WARNING: Change in number of annos ('' -> '<...>') for token t8161
WARNING: Change in number of annos ('' -> '<...>') for token t8162
WARNING: Change in number of annos ('' -> '<...>') for token t8163
WARNING: Change in number of annos ('' -> '<...>') for token t8164
WARNING: Change in number of annos ('' -> '<...>') for token t8165
WARNING: Change in number of annos ('' -> '<...>') for token t8167
WARNING: Change in number of annos ('' -> '<...>') for token t8168
WARNING: Change in number of annos ('' -> '<...>') for token t8169
WARNING: Change in number of annos ('' -> '<...>') for token t8170
WARNING: Change in number of annos ('' -> '<...>') for token t8171
WARNING: Change in number of annos ('' -> '<...>') for token t8172
WARNING: Change in number of annos ('' -> '<...>') for token t8173
WARNING: Change in number of annos ('' -> '<...>') for token t8174
WARNING: Change in number of annos ('' -> '<...>') for token t8175
WARNING: Change in number of annos ('' -> '<...>') for token t8176
WARNING: Change in number of annos ('' -> '<...>') for token t8177
WARNING: Change in number of annos ('' -> '<...>') for token t8178
WARNING: Change in number of annos ('' -> '<...>') for token t8179
WARNING: Change in number of annos ('' -> '<...>') for token t8180
WARNING: Change in number of annos ('' -> '<...>') for token t8181
WARNING: Change in number of annos ('' -> '<...>') for token t8182
WARNING: Change in number of annos ('' -> '<...>') for token t8184
WARNING: Change in number of annos ('' -> '<...>') for token t8185
WARNING: Change in number of annos ('' -> '<...>') for token t8186
WARNING: Change in number of annos ('' -> '<...>') for token t8187
WARNING: Change in number of annos ('' -> '<...>') for token t8190
WARNING: Change in number of annos ('' -> '<...>') for token t8191
WARNING: Change in number of annos ('' -> '<...>') for token t8192
WARNING: Change in number of annos ('' -> '<...>') for token t8193
WARNING: Change in number of annos ('' -> '<...>') for token t8194
WARNING: Change in number of annos ('' -> '<...>') for token t8195
WARNING: Change in number of annos ('' -> '<...>') for token t8196
WARNING: Change in number of annos ('' -> '<...>') for token t8197
WARNING: Change in number of annos ('' -> '<...>') for token t8226
WARNING: Change in number of annos ('' -> '<...>') for token t8227
WARNING: Change in number of annos ('' -> '<...>') for token t8238
WARNING: Change in number of annos ('' -> '<...>') for token t8239
WARNING: Change in number of annos ('' -> '<...>') for token t8254
WARNING: Change in number of annos ('' -> '<...>') for token t8259
WARNING: Change in number of annos ('' -> '<...>') for token t8260
WARNING: Change in number of annos ('' -> '<...>') for token t8261
WARNING: Concatenation of anno 'gro<.><.><.>(=)gen' and dipl 'gro<...>(=)gen' transcriptions not equal. Dipl transcription will be used for token t8284
WARNING: Change in number of annos ('gro <.> <.> <.>(=)gen' -> 'gro<...>(=)gen') for token t8284
processing /home/roussel/tmp/postprocessed/W.xml...
processing /home/roussel/tmp/postprocessed/We.xml...
WARNING: Concatenation of anno '*[<ie>*]' and dipl '*[d<ie>*]' transcriptions not equal. Dipl transcription will be used for token t3557
WARNING: Change in number of annos ('*[<ie>*]' -> '') for token t3557
processing /home/roussel/tmp/postprocessed/Wo.xml...

coraxml-utils/bin on  master [$!?] took 3m 15s 801ms 
